{"level":"info","message":"Server started on port 5000","timestamp":"2019-09-27T19:14:20.777Z"}
{"level":"info","message":"Server started on port 5000","timestamp":"2019-09-27T20:18:31.593Z"}
{"level":"info","message":"Server started on port 5000","timestamp":"2019-09-27T20:19:22.131Z"}
{"level":"info","message":"Server started on port 5000","timestamp":"2019-09-27T20:28:28.036Z"}
{"level":"info","message":"Server started on port 5000","timestamp":"2019-09-27T20:47:29.647Z"}
{"level":"info","message":"Server started on port 5000","timestamp":"2019-09-27T20:47:30.302Z"}
{"level":"info","message":"Server started on port 5000","timestamp":"2019-09-27T20:47:43.983Z"}
{"level":"info","message":"Server started on port 5000","timestamp":"2019-09-28T10:59:17.905Z"}
{"level":"info","message":"Server started on port 5000","timestamp":"2019-09-28T11:17:11.169Z"}
{"level":"info","message":"Server started on port 5000","timestamp":"2019-09-28T11:18:17.234Z"}
{"level":"info","message":"Server started on port 5000","timestamp":"2019-09-28T13:49:17.650Z"}
{"level":"info","message":"Server started on port 5000","timestamp":"2019-09-28T15:42:35.973Z"}
{"level":"info","message":"Server started on port 5000","timestamp":"2019-09-30T07:11:11.944Z"}
{"level":"info","message":"Server started on port 5000","timestamp":"2019-09-30T11:09:34.492Z"}
{"level":"info","message":"Server started on port 5000","timestamp":"2019-09-30T11:09:39.224Z"}
{"level":"info","message":"Server started on port 5000","timestamp":"2019-09-30T11:09:40.335Z"}
{"level":"info","message":"Server started on port 5000","timestamp":"2019-09-30T11:09:47.265Z"}
{"level":"info","message":"Server started on port 5000","timestamp":"2019-09-30T11:09:49.064Z"}
{"level":"info","message":"Server started on port 5000","timestamp":"2019-09-30T11:09:50.975Z"}
{"level":"info","message":"Server started on port 5000","timestamp":"2019-09-30T11:10:08.353Z"}
{"level":"info","message":"Server started on port 5000","timestamp":"2019-09-30T11:12:14.807Z"}
{"level":"info","message":"Server started on port 5000","timestamp":"2019-09-30T11:12:17.975Z"}
{"level":"info","message":"Server started on port 5000","timestamp":"2019-09-30T11:12:21.067Z"}
{"level":"info","message":"Server started on port 5000","timestamp":"2019-09-30T11:12:27.316Z"}
{"level":"info","message":"Server started on port 5000","timestamp":"2019-09-30T11:12:31.970Z"}
{"level":"info","message":"Server started on port 5000","timestamp":"2019-09-30T11:12:43.959Z"}
{"level":"info","message":"Server started on port 5000","timestamp":"2019-09-30T11:12:54.413Z"}
{"level":"info","message":"Server started on port 5000","timestamp":"2019-09-30T11:13:02.510Z"}
{"level":"info","message":"Server started on port 5000","timestamp":"2019-09-30T11:13:07.004Z"}
{"level":"info","message":"Server started on port 5000","timestamp":"2019-09-30T11:13:11.059Z"}
{"level":"info","message":"Server started on port 5000","timestamp":"2019-09-30T11:13:15.041Z"}
{"level":"info","message":"Server started on port 5000","timestamp":"2019-09-30T11:13:17.194Z"}
{"level":"info","message":"Server started on port 5000","timestamp":"2019-09-30T11:13:20.670Z"}
{"level":"info","message":"Server started on port 5000","timestamp":"2019-09-30T11:13:22.476Z"}
{"level":"info","message":"Server started on port 5000","timestamp":"2019-09-30T11:13:24.573Z"}
{"level":"info","message":"Server started on port 5000","timestamp":"2019-09-30T11:13:28.042Z"}
{"level":"info","message":"Server started on port 5000","timestamp":"2019-09-30T11:13:30.006Z"}
{"level":"info","message":"Server started on port 5000","timestamp":"2019-09-30T11:13:34.602Z"}
{"level":"info","message":"Server started on port 5000","timestamp":"2019-09-30T11:13:35.770Z"}
{"level":"info","message":"Server started on port 5000","timestamp":"2019-09-30T11:13:43.465Z"}
{"level":"info","message":"Server started on port 5000","timestamp":"2019-09-30T11:32:42.337Z"}
{"level":"info","message":"Server started on port 5000","timestamp":"2019-09-30T11:32:44.334Z"}
{"level":"info","message":"Server started on port 5000","timestamp":"2019-09-30T11:32:47.805Z"}
{"level":"info","message":"Server started on port 5000","timestamp":"2019-09-30T11:32:49.927Z"}
{"level":"info","message":"Server started on port 5000","timestamp":"2019-09-30T11:32:51.363Z"}
{"level":"info","message":"Server started on port 5000","timestamp":"2019-09-30T11:32:55.194Z"}
{"level":"info","message":"Server started on port 5000","timestamp":"2019-09-30T11:32:57.150Z"}
{"level":"info","message":"Server started on port 5000","timestamp":"2019-09-30T11:33:01.292Z"}
{"level":"info","message":"Server started on port 5000","timestamp":"2019-09-30T11:33:06.279Z"}
{"level":"info","message":"Server started on port 5000","timestamp":"2019-09-30T11:33:22.333Z"}
{"level":"info","message":"Server started on port 5000","timestamp":"2019-09-30T11:33:27.827Z"}
{"level":"info","message":"Server started on port 5000","timestamp":"2019-09-30T11:33:33.841Z"}
{"level":"info","message":"Server started on port 5000","timestamp":"2019-09-30T11:33:36.733Z"}
{"level":"info","message":"Server started on port 5000","timestamp":"2019-09-30T11:34:06.713Z"}
{"level":"info","message":"Server started on port 5000","timestamp":"2019-09-30T11:34:08.764Z"}
{"level":"info","message":"Server started on port 5000","timestamp":"2019-09-30T11:34:17.760Z"}
{"level":"info","message":"Server started on port 5000","timestamp":"2019-09-30T11:34:20.979Z"}
{"level":"info","message":"Server started on port 5000","timestamp":"2019-09-30T11:34:22.588Z"}
{"level":"info","message":"Server started on port 5000","timestamp":"2019-09-30T11:34:33.958Z"}
{"level":"info","message":"Server started on port 5000","timestamp":"2019-09-30T11:34:35.755Z"}
{"level":"info","message":"Server started on port 5000","timestamp":"2019-09-30T11:34:41.228Z"}
{"level":"info","message":"Server started on port 5000","timestamp":"2019-09-30T11:34:46.038Z"}
{"level":"info","message":"Server started on port 5000","timestamp":"2019-09-30T11:34:51.258Z"}
{"level":"info","message":"Server started on port 5000","timestamp":"2019-09-30T11:34:54.359Z"}
{"level":"info","message":"Server started on port 5000","timestamp":"2019-09-30T11:34:56.010Z"}
{"level":"info","message":"Server started on port 5000","timestamp":"2019-09-30T11:34:59.265Z"}
{"level":"info","message":"Server started on port 5000","timestamp":"2019-09-30T11:35:05.986Z"}
{"level":"info","message":"Server started on port 5000","timestamp":"2019-09-30T11:35:08.741Z"}
{"level":"info","message":"Server started on port 5000","timestamp":"2019-09-30T11:35:13.832Z"}
{"level":"info","message":"Server started on port 5000","timestamp":"2019-09-30T11:35:17.948Z"}
{"level":"info","message":"Server started on port 5000","timestamp":"2019-09-30T11:35:20.001Z"}
{"level":"info","message":"Server started on port 5000","timestamp":"2019-09-30T11:35:21.293Z"}
{"level":"info","message":"Server started on port 5000","timestamp":"2019-09-30T11:35:27.007Z"}
{"level":"info","message":"Server started on port 5000","timestamp":"2019-09-30T11:35:28.588Z"}
{"level":"info","message":"Server started on port 5000","timestamp":"2019-09-30T11:35:33.504Z"}
{"level":"info","message":"Server started on port 5000","timestamp":"2019-09-30T11:36:16.364Z"}
{"level":"info","message":"Server started on port 5000","timestamp":"2019-09-30T11:36:18.200Z"}
{"level":"info","message":"Server started on port 5000","timestamp":"2019-09-30T11:36:21.729Z"}
{"level":"info","message":"Server started on port 5000","timestamp":"2019-09-30T11:48:48.462Z"}
{"level":"info","message":"Server started on port 5000","timestamp":"2019-09-30T11:48:54.482Z"}
{"level":"info","message":"Server started on port 5000","timestamp":"2019-09-30T11:49:16.506Z"}
{"level":"info","message":"Server started on port 5000","timestamp":"2019-09-30T11:50:49.671Z"}
{"level":"info","message":"Server started on port 5000","timestamp":"2019-09-30T11:50:57.052Z"}
{"level":"info","message":"Server started on port 5000","timestamp":"2019-09-30T11:51:03.816Z"}
{"level":"info","message":"Server started on port 5000","timestamp":"2019-09-30T11:52:01.866Z"}
{"level":"info","message":"Server started on port 5000","timestamp":"2019-09-30T11:52:26.155Z"}
{"level":"info","message":"Server started on port 5000","timestamp":"2019-09-30T11:52:43.064Z"}
{"level":"info","message":"Server started on port 5000","timestamp":"2019-09-30T11:52:50.586Z"}
{"level":"info","message":"Server started on port 5000","timestamp":"2019-09-30T11:52:53.735Z"}
{"level":"info","message":"Server started on port 5000","timestamp":"2019-09-30T11:53:06.348Z"}
{"level":"info","message":"Server started on port 5000","timestamp":"2019-09-30T11:53:19.096Z"}
{"level":"info","message":"Server started on port 5000","timestamp":"2019-09-30T11:53:28.761Z"}
{"level":"info","message":"Server started on port 5000","timestamp":"2019-09-30T11:53:32.380Z"}
{"level":"info","message":"Server started on port 5000","timestamp":"2019-09-30T11:53:34.823Z"}
{"level":"info","message":"Server started on port 5000","timestamp":"2019-09-30T11:55:45.244Z"}
{"level":"info","message":"Server started on port 5000","timestamp":"2019-09-30T11:57:53.266Z"}
{"level":"info","message":"Server started on port 5000","timestamp":"2019-09-30T11:57:56.707Z"}
{"level":"info","message":"Server started on port 5000","timestamp":"2019-09-30T12:23:39.899Z"}
{"level":"info","message":"Server started on port 5000","timestamp":"2019-09-30T12:23:43.040Z"}
{"level":"info","message":"Server started on port 5000","timestamp":"2019-09-30T12:23:46.138Z"}
{"level":"info","message":"Server started on port 5000","timestamp":"2019-09-30T12:23:49.684Z"}
{"level":"info","message":"Server started on port 5000","timestamp":"2019-09-30T12:24:12.449Z"}
{"level":"info","message":"Server started on port 5000","timestamp":"2019-09-30T12:24:17.487Z"}
{"level":"info","message":"Server started on port 5000","timestamp":"2019-09-30T12:24:23.288Z"}
{"level":"info","message":"Server started on port 5000","timestamp":"2019-09-30T12:26:42.780Z"}
{"level":"info","message":"Server started on port 5000","timestamp":"2019-09-30T12:26:54.051Z"}
{"level":"info","message":"Server started on port 5000","timestamp":"2019-09-30T12:27:30.771Z"}
{"level":"info","message":"Server started on port 5000","timestamp":"2019-09-30T12:28:11.479Z"}
{"level":"info","message":"Server started on port 5000","timestamp":"2019-09-30T12:28:15.846Z"}
{"level":"info","message":"Server started on port 5000","timestamp":"2019-09-30T12:28:19.675Z"}
{"level":"info","message":"Server started on port 5000","timestamp":"2019-09-30T12:28:23.421Z"}
{"level":"info","message":"Server started on port 5000","timestamp":"2019-09-30T12:28:28.000Z"}
{"level":"info","message":"Server started on port 5000","timestamp":"2019-09-30T12:28:29.750Z"}
{"level":"info","message":"Server started on port 5000","timestamp":"2019-09-30T12:28:31.453Z"}
{"level":"info","message":"Server started on port 5000","timestamp":"2019-09-30T12:31:24.375Z"}
{"level":"info","message":"Server started on port 5000","timestamp":"2019-09-30T12:31:35.327Z"}
{"level":"info","message":"Server started on port 5000","timestamp":"2019-09-30T12:49:23.483Z"}
{"level":"info","message":"Server started on port 5000","timestamp":"2019-09-30T12:49:26.172Z"}
{"level":"info","message":"Server started on port 5000","timestamp":"2019-09-30T12:49:45.791Z"}
{"message":"Unexpected string in JSON at position 71","stack":"SyntaxError: Unexpected string in JSON at position 71\n    at JSON.parse (<anonymous>)\n    at parse (/home/renegade/Documents/My Projects/Node/json with service/node_modules/body-parser/lib/types/json.js:89:19)\n    at /home/renegade/Documents/My Projects/Node/json with service/node_modules/body-parser/lib/read.js:121:18\n    at invokeCallback (/home/renegade/Documents/My Projects/Node/json with service/node_modules/raw-body/index.js:224:16)\n    at done (/home/renegade/Documents/My Projects/Node/json with service/node_modules/raw-body/index.js:213:7)\n    at IncomingMessage.onEnd (/home/renegade/Documents/My Projects/Node/json with service/node_modules/raw-body/index.js:273:7)\n    at IncomingMessage.emit (events.js:182:13)\n    at endReadableNT (_stream_readable.js:1090:12)\n    at process._tickCallback (internal/process/next_tick.js:63:19)","expose":true,"statusCode":400,"status":400,"body":"{\n\"age\":\"89\",\n\"firstName\":\"Ian\",\n\"lastName\": \"Adera\",\n\"gender\":\"Male,\"\n\"email\": \"ianodad@valour.com\",\n\"phone\": +254712725144,\n\"address\":\"532 Oceanview Avenue, Camino, Utah, 1794\",\n\"about\":\"Laborum et irure consectetur exercitation labore ex sint occaecat officia eiusmod officia.\"\n}","type":"entity.parse.failed","level":"error","timestamp":"2019-09-30T12:53:51.790Z"}
{"message":"Unexpected string in JSON at position 69","stack":"SyntaxError: Unexpected string in JSON at position 69\n    at JSON.parse (<anonymous>)\n    at parse (/home/renegade/Documents/My Projects/Node/json with service/node_modules/body-parser/lib/types/json.js:89:19)\n    at /home/renegade/Documents/My Projects/Node/json with service/node_modules/body-parser/lib/read.js:121:18\n    at invokeCallback (/home/renegade/Documents/My Projects/Node/json with service/node_modules/raw-body/index.js:224:16)\n    at done (/home/renegade/Documents/My Projects/Node/json with service/node_modules/raw-body/index.js:213:7)\n    at IncomingMessage.onEnd (/home/renegade/Documents/My Projects/Node/json with service/node_modules/raw-body/index.js:273:7)\n    at IncomingMessage.emit (events.js:182:13)\n    at endReadableNT (_stream_readable.js:1090:12)\n    at process._tickCallback (internal/process/next_tick.js:63:19)","expose":true,"statusCode":400,"status":400,"body":"{\n\"age\":89,\n\"firstName\":\"Ian\",\n\"lastName\": \"Adera\",\n\"gender\":\"Male,\"\n\"email\": \"ianodad@valour.com\",\n\"phone\": +254712725144,\n\"address\":\"532 Oceanview Avenue, Camino, Utah, 1794\",\n\"about\":\"Laborum et irure consectetur exercitation labore ex sint occaecat officia eiusmod officia.\"\n}","type":"entity.parse.failed","level":"error","timestamp":"2019-09-30T12:55:04.785Z"}
{"level":"info","message":"Server started on port 5000","timestamp":"2019-09-30T12:55:25.310Z"}
{"message":"Unexpected string in JSON at position 69","stack":"SyntaxError: Unexpected string in JSON at position 69\n    at JSON.parse (<anonymous>)\n    at parse (/home/renegade/Documents/My Projects/Node/json with service/node_modules/body-parser/lib/types/json.js:89:19)\n    at /home/renegade/Documents/My Projects/Node/json with service/node_modules/body-parser/lib/read.js:121:18\n    at invokeCallback (/home/renegade/Documents/My Projects/Node/json with service/node_modules/raw-body/index.js:224:16)\n    at done (/home/renegade/Documents/My Projects/Node/json with service/node_modules/raw-body/index.js:213:7)\n    at IncomingMessage.onEnd (/home/renegade/Documents/My Projects/Node/json with service/node_modules/raw-body/index.js:273:7)\n    at IncomingMessage.emit (events.js:182:13)\n    at endReadableNT (_stream_readable.js:1090:12)\n    at process._tickCallback (internal/process/next_tick.js:63:19)","expose":true,"statusCode":400,"status":400,"body":"{\n\"age\":89,\n\"firstName\":\"Ian\",\n\"lastName\": \"Adera\",\n\"gender\":\"Male,\"\n\"email\": \"ianodad@valour.com\",\n\"phone\": +254712725144,\n\"address\":\"532 Oceanview Avenue, Camino, Utah, 1794\",\n\"about\":\"Laborum et irure consectetur exercitation labore ex sint occaecat officia eiusmod officia.\"\n}","type":"entity.parse.failed","level":"error","timestamp":"2019-09-30T12:55:49.775Z"}
{"level":"info","message":"Server started on port 5000","timestamp":"2019-09-30T12:56:28.352Z"}
{"message":"Unexpected string in JSON at position 69","stack":"SyntaxError: Unexpected string in JSON at position 69\n    at JSON.parse (<anonymous>)\n    at parse (/home/renegade/Documents/My Projects/Node/json with service/node_modules/body-parser/lib/types/json.js:89:19)\n    at /home/renegade/Documents/My Projects/Node/json with service/node_modules/body-parser/lib/read.js:121:18\n    at invokeCallback (/home/renegade/Documents/My Projects/Node/json with service/node_modules/raw-body/index.js:224:16)\n    at done (/home/renegade/Documents/My Projects/Node/json with service/node_modules/raw-body/index.js:213:7)\n    at IncomingMessage.onEnd (/home/renegade/Documents/My Projects/Node/json with service/node_modules/raw-body/index.js:273:7)\n    at IncomingMessage.emit (events.js:182:13)\n    at endReadableNT (_stream_readable.js:1090:12)\n    at process._tickCallback (internal/process/next_tick.js:63:19)","expose":true,"statusCode":400,"status":400,"body":"{\n\"age\":89,\n\"firstName\":\"Ian\",\n\"lastName\": \"Adera\",\n\"gender\":\"Male,\"\n\"email\": \"ianodad@valour.com\",\n\"phone\": +254712725144,\n\"address\":\"532 Oceanview Avenue, Camino, Utah, 1794\",\n\"about\":\"Laborum et irure consectetur exercitation labore ex sint occaecat officia eiusmod officia.\"\n}","type":"entity.parse.failed","level":"error","timestamp":"2019-09-30T12:56:31.405Z"}
{"message":"Unexpected string in JSON at position 69","stack":"SyntaxError: Unexpected string in JSON at position 69\n    at JSON.parse (<anonymous>)\n    at parse (/home/renegade/Documents/My Projects/Node/json with service/node_modules/body-parser/lib/types/json.js:89:19)\n    at /home/renegade/Documents/My Projects/Node/json with service/node_modules/body-parser/lib/read.js:121:18\n    at invokeCallback (/home/renegade/Documents/My Projects/Node/json with service/node_modules/raw-body/index.js:224:16)\n    at done (/home/renegade/Documents/My Projects/Node/json with service/node_modules/raw-body/index.js:213:7)\n    at IncomingMessage.onEnd (/home/renegade/Documents/My Projects/Node/json with service/node_modules/raw-body/index.js:273:7)\n    at IncomingMessage.emit (events.js:182:13)\n    at endReadableNT (_stream_readable.js:1090:12)\n    at process._tickCallback (internal/process/next_tick.js:63:19)","expose":true,"statusCode":400,"status":400,"body":"{\n\"age\":89,\n\"firstName\":\"Ian\",\n\"lastName\": \"Adera\",\n\"gender\":\"Male,\"\n\"email\": \"ianodad@valour.com\",\n\"phone\": 254712725144,\n\"address\":\"532 Oceanview Avenue, Camino, Utah, 1794\",\n\"about\":\"Laborum et irure consectetur exercitation labore ex sint occaecat officia eiusmod officia.\"\n}","type":"entity.parse.failed","level":"error","timestamp":"2019-09-30T12:56:55.309Z"}
{"message":"Joi is not defined","stack":"ReferenceError: Joi is not defined\n    at router.post (/home/renegade/Documents/My Projects/Node/json with service/routes/api/users.js:29:14)\n    at Layer.handle [as handle_request] (/home/renegade/Documents/My Projects/Node/json with service/node_modules/express/lib/router/layer.js:95:5)\n    at next (/home/renegade/Documents/My Projects/Node/json with service/node_modules/express/lib/router/route.js:137:13)\n    at Route.dispatch (/home/renegade/Documents/My Projects/Node/json with service/node_modules/express/lib/router/route.js:112:3)\n    at Layer.handle [as handle_request] (/home/renegade/Documents/My Projects/Node/json with service/node_modules/express/lib/router/layer.js:95:5)\n    at /home/renegade/Documents/My Projects/Node/json with service/node_modules/express/lib/router/index.js:281:22\n    at Function.process_params (/home/renegade/Documents/My Projects/Node/json with service/node_modules/express/lib/router/index.js:335:12)\n    at next (/home/renegade/Documents/My Projects/Node/json with service/node_modules/express/lib/router/index.js:275:10)\n    at Function.handle (/home/renegade/Documents/My Projects/Node/json with service/node_modules/express/lib/router/index.js:174:3)\n    at router (/home/renegade/Documents/My Projects/Node/json with service/node_modules/express/lib/router/index.js:47:12)","level":"error","timestamp":"2019-09-30T12:57:29.494Z"}
{"level":"info","message":"Server started on port 5000","timestamp":"2019-09-30T12:57:35.407Z"}
{"message":"Joi is not defined","stack":"ReferenceError: Joi is not defined\n    at router.post (/home/renegade/Documents/My Projects/Node/json with service/routes/api/users.js:29:14)\n    at Layer.handle [as handle_request] (/home/renegade/Documents/My Projects/Node/json with service/node_modules/express/lib/router/layer.js:95:5)\n    at next (/home/renegade/Documents/My Projects/Node/json with service/node_modules/express/lib/router/route.js:137:13)\n    at Route.dispatch (/home/renegade/Documents/My Projects/Node/json with service/node_modules/express/lib/router/route.js:112:3)\n    at Layer.handle [as handle_request] (/home/renegade/Documents/My Projects/Node/json with service/node_modules/express/lib/router/layer.js:95:5)\n    at /home/renegade/Documents/My Projects/Node/json with service/node_modules/express/lib/router/index.js:281:22\n    at Function.process_params (/home/renegade/Documents/My Projects/Node/json with service/node_modules/express/lib/router/index.js:335:12)\n    at next (/home/renegade/Documents/My Projects/Node/json with service/node_modules/express/lib/router/index.js:275:10)\n    at Function.handle (/home/renegade/Documents/My Projects/Node/json with service/node_modules/express/lib/router/index.js:174:3)\n    at router (/home/renegade/Documents/My Projects/Node/json with service/node_modules/express/lib/router/index.js:47:12)","level":"error","timestamp":"2019-09-30T12:57:48.768Z"}
{"level":"info","message":"Server started on port 5000","timestamp":"2019-09-30T12:58:27.570Z"}
{"message":"Joi is not defined","stack":"ReferenceError: Joi is not defined\n    at router.post (/home/renegade/Documents/My Projects/Node/json with service/routes/api/users.js:29:14)\n    at Layer.handle [as handle_request] (/home/renegade/Documents/My Projects/Node/json with service/node_modules/express/lib/router/layer.js:95:5)\n    at next (/home/renegade/Documents/My Projects/Node/json with service/node_modules/express/lib/router/route.js:137:13)\n    at Route.dispatch (/home/renegade/Documents/My Projects/Node/json with service/node_modules/express/lib/router/route.js:112:3)\n    at Layer.handle [as handle_request] (/home/renegade/Documents/My Projects/Node/json with service/node_modules/express/lib/router/layer.js:95:5)\n    at /home/renegade/Documents/My Projects/Node/json with service/node_modules/express/lib/router/index.js:281:22\n    at Function.process_params (/home/renegade/Documents/My Projects/Node/json with service/node_modules/express/lib/router/index.js:335:12)\n    at next (/home/renegade/Documents/My Projects/Node/json with service/node_modules/express/lib/router/index.js:275:10)\n    at Function.handle (/home/renegade/Documents/My Projects/Node/json with service/node_modules/express/lib/router/index.js:174:3)\n    at router (/home/renegade/Documents/My Projects/Node/json with service/node_modules/express/lib/router/index.js:47:12)","level":"error","timestamp":"2019-09-30T12:58:33.106Z"}
{"level":"info","message":"Server started on port 5000","timestamp":"2019-09-30T12:59:04.513Z"}
{"message":"JJoi is not defined","stack":"ReferenceError: JJoi is not defined\n    at router.post (/home/renegade/Documents/My Projects/Node/json with service/routes/api/users.js:35:16)\n    at Layer.handle [as handle_request] (/home/renegade/Documents/My Projects/Node/json with service/node_modules/express/lib/router/layer.js:95:5)\n    at next (/home/renegade/Documents/My Projects/Node/json with service/node_modules/express/lib/router/route.js:137:13)\n    at Route.dispatch (/home/renegade/Documents/My Projects/Node/json with service/node_modules/express/lib/router/route.js:112:3)\n    at Layer.handle [as handle_request] (/home/renegade/Documents/My Projects/Node/json with service/node_modules/express/lib/router/layer.js:95:5)\n    at /home/renegade/Documents/My Projects/Node/json with service/node_modules/express/lib/router/index.js:281:22\n    at Function.process_params (/home/renegade/Documents/My Projects/Node/json with service/node_modules/express/lib/router/index.js:335:12)\n    at next (/home/renegade/Documents/My Projects/Node/json with service/node_modules/express/lib/router/index.js:275:10)\n    at Function.handle (/home/renegade/Documents/My Projects/Node/json with service/node_modules/express/lib/router/index.js:174:3)\n    at router (/home/renegade/Documents/My Projects/Node/json with service/node_modules/express/lib/router/index.js:47:12)","level":"error","timestamp":"2019-09-30T12:59:08.005Z"}
{"level":"info","message":"Server started on port 5000","timestamp":"2019-09-30T12:59:32.586Z"}
{"message":"Cannot set headers after they are sent to the client","stack":"Error [ERR_HTTP_HEADERS_SENT]: Cannot set headers after they are sent to the client\n    at ServerResponse.setHeader (_http_outgoing.js:471:11)\n    at ServerResponse.header (/home/renegade/Documents/My Projects/Node/json with service/node_modules/express/lib/response.js:771:10)\n    at ServerResponse.send (/home/renegade/Documents/My Projects/Node/json with service/node_modules/express/lib/response.js:170:12)\n    at ServerResponse.json (/home/renegade/Documents/My Projects/Node/json with service/node_modules/express/lib/response.js:267:15)\n    at ServerResponse.send (/home/renegade/Documents/My Projects/Node/json with service/node_modules/express/lib/response.js:158:21)\n    at router.post (/home/renegade/Documents/My Projects/Node/json with service/routes/api/users.js:67:9)\n    at Layer.handle [as handle_request] (/home/renegade/Documents/My Projects/Node/json with service/node_modules/express/lib/router/layer.js:95:5)\n    at next (/home/renegade/Documents/My Projects/Node/json with service/node_modules/express/lib/router/route.js:137:13)\n    at Route.dispatch (/home/renegade/Documents/My Projects/Node/json with service/node_modules/express/lib/router/route.js:112:3)\n    at Layer.handle [as handle_request] (/home/renegade/Documents/My Projects/Node/json with service/node_modules/express/lib/router/layer.js:95:5)","level":"error","timestamp":"2019-09-30T12:59:35.129Z"}
{"level":"info","message":"Server started on port 5000","timestamp":"2019-09-30T12:59:47.254Z"}
{"level":"info","message":"Server started on port 5000","timestamp":"2019-09-30T12:59:51.060Z"}
{"message":"Cannot set headers after they are sent to the client","stack":"Error [ERR_HTTP_HEADERS_SENT]: Cannot set headers after they are sent to the client\n    at ServerResponse.setHeader (_http_outgoing.js:471:11)\n    at ServerResponse.header (/home/renegade/Documents/My Projects/Node/json with service/node_modules/express/lib/response.js:771:10)\n    at ServerResponse.send (/home/renegade/Documents/My Projects/Node/json with service/node_modules/express/lib/response.js:170:12)\n    at ServerResponse.json (/home/renegade/Documents/My Projects/Node/json with service/node_modules/express/lib/response.js:267:15)\n    at ServerResponse.send (/home/renegade/Documents/My Projects/Node/json with service/node_modules/express/lib/response.js:158:21)\n    at router.post (/home/renegade/Documents/My Projects/Node/json with service/routes/api/users.js:67:9)\n    at Layer.handle [as handle_request] (/home/renegade/Documents/My Projects/Node/json with service/node_modules/express/lib/router/layer.js:95:5)\n    at next (/home/renegade/Documents/My Projects/Node/json with service/node_modules/express/lib/router/route.js:137:13)\n    at Route.dispatch (/home/renegade/Documents/My Projects/Node/json with service/node_modules/express/lib/router/route.js:112:3)\n    at Layer.handle [as handle_request] (/home/renegade/Documents/My Projects/Node/json with service/node_modules/express/lib/router/layer.js:95:5)","level":"error","timestamp":"2019-09-30T13:00:04.509Z"}
{"level":"info","message":"Server started on port 5000","timestamp":"2019-09-30T13:00:36.499Z"}
{"message":"email options must be an object","stack":"AssertionError [ERR_ASSERTION]: email options must be an object\n    at new AssertionError (internal/assert.js:268:11)\n    at Object.exports.assert (/home/renegade/node_modules/hoek/lib/index.js:559:11)\n    at internals.String.email (/home/renegade/node_modules/joi/lib/types/string/index.js:178:18)\n    at router.post (/home/renegade/Documents/My Projects/Node/json with service/routes/api/users.js:35:29)\n    at Layer.handle [as handle_request] (/home/renegade/Documents/My Projects/Node/json with service/node_modules/express/lib/router/layer.js:95:5)\n    at next (/home/renegade/Documents/My Projects/Node/json with service/node_modules/express/lib/router/route.js:137:13)\n    at Route.dispatch (/home/renegade/Documents/My Projects/Node/json with service/node_modules/express/lib/router/route.js:112:3)\n    at Layer.handle [as handle_request] (/home/renegade/Documents/My Projects/Node/json with service/node_modules/express/lib/router/layer.js:95:5)\n    at /home/renegade/Documents/My Projects/Node/json with service/node_modules/express/lib/router/index.js:281:22\n    at Function.process_params (/home/renegade/Documents/My Projects/Node/json with service/node_modules/express/lib/router/index.js:335:12)","generatedMessage":false,"name":"AssertionError [ERR_ASSERTION]","code":"ERR_ASSERTION","actual":false,"expected":true,"operator":"==","level":"error","timestamp":"2019-09-30T13:00:38.936Z"}
{"level":"info","message":"Server started on port 5000","timestamp":"2019-09-30T13:00:54.051Z"}
{"message":"Cannot set headers after they are sent to the client","stack":"Error [ERR_HTTP_HEADERS_SENT]: Cannot set headers after they are sent to the client\n    at ServerResponse.setHeader (_http_outgoing.js:471:11)\n    at ServerResponse.header (/home/renegade/Documents/My Projects/Node/json with service/node_modules/express/lib/response.js:771:10)\n    at ServerResponse.send (/home/renegade/Documents/My Projects/Node/json with service/node_modules/express/lib/response.js:170:12)\n    at ServerResponse.json (/home/renegade/Documents/My Projects/Node/json with service/node_modules/express/lib/response.js:267:15)\n    at ServerResponse.send (/home/renegade/Documents/My Projects/Node/json with service/node_modules/express/lib/response.js:158:21)\n    at router.post (/home/renegade/Documents/My Projects/Node/json with service/routes/api/users.js:67:9)\n    at Layer.handle [as handle_request] (/home/renegade/Documents/My Projects/Node/json with service/node_modules/express/lib/router/layer.js:95:5)\n    at next (/home/renegade/Documents/My Projects/Node/json with service/node_modules/express/lib/router/route.js:137:13)\n    at Route.dispatch (/home/renegade/Documents/My Projects/Node/json with service/node_modules/express/lib/router/route.js:112:3)\n    at Layer.handle [as handle_request] (/home/renegade/Documents/My Projects/Node/json with service/node_modules/express/lib/router/layer.js:95:5)","level":"error","timestamp":"2019-09-30T13:00:56.020Z"}
{"level":"info","message":"Server started on port 5000","timestamp":"2019-09-30T13:01:11.173Z"}
{"message":"Cannot set headers after they are sent to the client","stack":"Error [ERR_HTTP_HEADERS_SENT]: Cannot set headers after they are sent to the client\n    at ServerResponse.setHeader (_http_outgoing.js:471:11)\n    at ServerResponse.header (/home/renegade/Documents/My Projects/Node/json with service/node_modules/express/lib/response.js:771:10)\n    at ServerResponse.send (/home/renegade/Documents/My Projects/Node/json with service/node_modules/express/lib/response.js:170:12)\n    at ServerResponse.json (/home/renegade/Documents/My Projects/Node/json with service/node_modules/express/lib/response.js:267:15)\n    at ServerResponse.send (/home/renegade/Documents/My Projects/Node/json with service/node_modules/express/lib/response.js:158:21)\n    at router.post (/home/renegade/Documents/My Projects/Node/json with service/routes/api/users.js:67:9)\n    at Layer.handle [as handle_request] (/home/renegade/Documents/My Projects/Node/json with service/node_modules/express/lib/router/layer.js:95:5)\n    at next (/home/renegade/Documents/My Projects/Node/json with service/node_modules/express/lib/router/route.js:137:13)\n    at Route.dispatch (/home/renegade/Documents/My Projects/Node/json with service/node_modules/express/lib/router/route.js:112:3)\n    at Layer.handle [as handle_request] (/home/renegade/Documents/My Projects/Node/json with service/node_modules/express/lib/router/layer.js:95:5)","level":"error","timestamp":"2019-09-30T13:01:12.704Z"}
{"level":"info","message":"Server started on port 5000","timestamp":"2019-09-30T13:01:26.727Z"}
{"level":"info","message":"Server started on port 5000","timestamp":"2019-09-30T13:02:24.091Z"}
{"level":"info","message":"Server started on port 5000","timestamp":"2019-09-30T13:02:29.491Z"}
{"level":"info","message":"Server started on port 5000","timestamp":"2019-09-30T13:03:19.129Z"}
{"level":"info","message":"Server started on port 5000","timestamp":"2019-09-30T13:03:27.907Z"}
{"level":"info","message":"Server started on port 5000","timestamp":"2019-09-30T13:04:06.023Z"}
{"message":"Cannot read property '_id' of undefined","stack":"TypeError: Cannot read property '_id' of undefined\n    at Comments.some (/home/renegade/Documents/My Projects/Node/json with service/routes/api/users.js:75:57)\n    at Array.some (<anonymous>)\n    at router.get (/home/renegade/Documents/My Projects/Node/json with service/routes/api/users.js:75:31)\n    at Layer.handle [as handle_request] (/home/renegade/Documents/My Projects/Node/json with service/node_modules/express/lib/router/layer.js:95:5)\n    at next (/home/renegade/Documents/My Projects/Node/json with service/node_modules/express/lib/router/route.js:137:13)\n    at Route.dispatch (/home/renegade/Documents/My Projects/Node/json with service/node_modules/express/lib/router/route.js:112:3)\n    at Layer.handle [as handle_request] (/home/renegade/Documents/My Projects/Node/json with service/node_modules/express/lib/router/layer.js:95:5)\n    at /home/renegade/Documents/My Projects/Node/json with service/node_modules/express/lib/router/index.js:281:22\n    at param (/home/renegade/Documents/My Projects/Node/json with service/node_modules/express/lib/router/index.js:354:14)\n    at param (/home/renegade/Documents/My Projects/Node/json with service/node_modules/express/lib/router/index.js:365:14)","level":"error","timestamp":"2019-09-30T13:05:29.892Z"}
{"message":"Cannot read property '_id' of undefined","stack":"TypeError: Cannot read property '_id' of undefined\n    at Comments.some (/home/renegade/Documents/My Projects/Node/json with service/routes/api/users.js:75:57)\n    at Array.some (<anonymous>)\n    at router.get (/home/renegade/Documents/My Projects/Node/json with service/routes/api/users.js:75:31)\n    at Layer.handle [as handle_request] (/home/renegade/Documents/My Projects/Node/json with service/node_modules/express/lib/router/layer.js:95:5)\n    at next (/home/renegade/Documents/My Projects/Node/json with service/node_modules/express/lib/router/route.js:137:13)\n    at Route.dispatch (/home/renegade/Documents/My Projects/Node/json with service/node_modules/express/lib/router/route.js:112:3)\n    at Layer.handle [as handle_request] (/home/renegade/Documents/My Projects/Node/json with service/node_modules/express/lib/router/layer.js:95:5)\n    at /home/renegade/Documents/My Projects/Node/json with service/node_modules/express/lib/router/index.js:281:22\n    at param (/home/renegade/Documents/My Projects/Node/json with service/node_modules/express/lib/router/index.js:354:14)\n    at param (/home/renegade/Documents/My Projects/Node/json with service/node_modules/express/lib/router/index.js:365:14)","level":"error","timestamp":"2019-09-30T13:05:57.410Z"}
{"level":"info","message":"Server started on port 5000","timestamp":"2019-09-30T13:06:07.786Z"}
{"message":"Cannot read property '_id' of undefined","stack":"TypeError: Cannot read property '_id' of undefined\n    at Comments.some (/home/renegade/Documents/My Projects/Node/json with service/routes/api/users.js:75:57)\n    at Array.some (<anonymous>)\n    at router.get (/home/renegade/Documents/My Projects/Node/json with service/routes/api/users.js:75:31)\n    at Layer.handle [as handle_request] (/home/renegade/Documents/My Projects/Node/json with service/node_modules/express/lib/router/layer.js:95:5)\n    at next (/home/renegade/Documents/My Projects/Node/json with service/node_modules/express/lib/router/route.js:137:13)\n    at Route.dispatch (/home/renegade/Documents/My Projects/Node/json with service/node_modules/express/lib/router/route.js:112:3)\n    at Layer.handle [as handle_request] (/home/renegade/Documents/My Projects/Node/json with service/node_modules/express/lib/router/layer.js:95:5)\n    at /home/renegade/Documents/My Projects/Node/json with service/node_modules/express/lib/router/index.js:281:22\n    at param (/home/renegade/Documents/My Projects/Node/json with service/node_modules/express/lib/router/index.js:354:14)\n    at param (/home/renegade/Documents/My Projects/Node/json with service/node_modules/express/lib/router/index.js:365:14)","level":"error","timestamp":"2019-09-30T13:06:12.010Z"}
{"level":"info","message":"Server started on port 5000","timestamp":"2019-09-30T13:06:23.810Z"}
{"level":"info","message":"Server started on port 5000","timestamp":"2019-09-30T13:06:53.702Z"}
{"level":"info","message":"Server started on port 5000","timestamp":"2019-09-30T13:06:59.566Z"}
{"level":"info","message":"Server started on port 5000","timestamp":"2019-09-30T13:07:24.373Z"}
{"level":"info","message":"Server started on port 5000","timestamp":"2019-09-30T13:07:49.284Z"}
{"level":"info","message":"Server started on port 5000","timestamp":"2019-09-30T13:08:29.214Z"}
{"level":"info","message":"Server started on port 5000","timestamp":"2019-09-30T13:08:33.857Z"}
{"level":"info","message":"Server started on port 5000","timestamp":"2019-09-30T13:08:42.654Z"}
{"level":"info","message":"Server started on port 5000","timestamp":"2019-09-30T13:08:48.092Z"}
{"level":"info","message":"Server started on port 5000","timestamp":"2019-09-30T13:08:54.112Z"}
{"level":"info","message":"Server started on port 5000","timestamp":"2019-09-30T13:20:27.225Z"}
{"level":"info","message":"Server started on port 5000","timestamp":"2019-09-30T13:20:32.545Z"}
{"message":"Cannot set headers after they are sent to the client","stack":"Error [ERR_HTTP_HEADERS_SENT]: Cannot set headers after they are sent to the client\n    at ServerResponse.setHeader (_http_outgoing.js:471:11)\n    at ServerResponse.header (/home/renegade/Documents/My Projects/Node/json with service/node_modules/express/lib/response.js:771:10)\n    at ServerResponse.send (/home/renegade/Documents/My Projects/Node/json with service/node_modules/express/lib/response.js:170:12)\n    at ServerResponse.json (/home/renegade/Documents/My Projects/Node/json with service/node_modules/express/lib/response.js:267:15)\n    at ServerResponse.send (/home/renegade/Documents/My Projects/Node/json with service/node_modules/express/lib/response.js:158:21)\n    at router.post (/home/renegade/Documents/My Projects/Node/json with service/routes/api/comments.js:49:9)\n    at Layer.handle [as handle_request] (/home/renegade/Documents/My Projects/Node/json with service/node_modules/express/lib/router/layer.js:95:5)\n    at next (/home/renegade/Documents/My Projects/Node/json with service/node_modules/express/lib/router/route.js:137:13)\n    at Route.dispatch (/home/renegade/Documents/My Projects/Node/json with service/node_modules/express/lib/router/route.js:112:3)\n    at Layer.handle [as handle_request] (/home/renegade/Documents/My Projects/Node/json with service/node_modules/express/lib/router/layer.js:95:5)","level":"error","timestamp":"2019-09-30T13:20:34.774Z"}
{"level":"info","message":"Server started on port 5000","timestamp":"2019-09-30T13:44:56.828Z"}
{"level":"info","message":"Server started on port 5000","timestamp":"2019-09-30T16:20:35.989Z"}
